# JRE version: OpenJDK Runtime Environment (8.0_212-b04) (build 1.8.0_212-release-1586-b04)
# Java VM: OpenJDK 64-Bit Server VM (25.212-b04 mixed mode windows-amd64 compressed oops)
Heap:
 PSYoungGen      total 168448K, used 98399K [0x00000000e0000000, 0x00000000ed780000, 0x0000000100000000)
  eden space 140800K, 69% used [0x00000000e0000000,0x00000000e6017e98,0x00000000e8980000)
  from space 27648K, 0% used [0x00000000eab00000,0x00000000eab00000,0x00000000ec600000)
  to   space 34304K, 0% used [0x00000000e8980000,0x00000000e8980000,0x00000000eab00000)
 ParOldGen       total 74752K, used 68678K [0x00000000a0000000, 0x00000000a4900000, 0x00000000e0000000)
  object space 74752K, 91% used [0x00000000a0000000,0x00000000a43118a8,0x00000000a4900000)
 Metaspace       used 78698K, capacity 81616K, committed 81816K, reserved 1120256K
  class space    used 10685K, capacity 11377K, committed 11416K, reserved 1048576K
GC Heap History (10 events):
Event: 107.236 GC heap before
{Heap before GC invocations=24 (full 3):
 PSYoungGen      total 126464K, used 125623K [0x00000000e0000000, 0x00000000e8c80000, 0x0000000100000000)
  eden space 117248K, 100% used [0x00000000e0000000,0x00000000e7280000,0x00000000e7280000)
  from space 9216K, 90% used [0x00000000e8380000,0x00000000e8badf30,0x00000000e8c80000)
  to   space 13312K, 0% used [0x00000000e7280000,0x00000000e7280000,0x00000000e7f80000)
 ParOldGen       total 74752K, used 31468K [0x00000000a0000000, 0x00000000a4900000, 0x00000000e0000000)
  object space 74752K, 42% used [0x00000000a0000000,0x00000000a1ebb3a8,0x00000000a4900000)
 Metaspace       used 63438K, capacity 65810K, committed 66072K, reserved 1105920K
  class space    used 8684K, capacity 9208K, committed 9240K, reserved 1048576K
Event: 107.338 GC heap after
Heap after GC invocations=24 (full 3):
 PSYoungGen      total 130560K, used 13288K [0x00000000e0000000, 0x00000000ea000000, 0x0000000100000000)
  eden space 117248K, 0% used [0x00000000e0000000,0x00000000e0000000,0x00000000e7280000)
  from space 13312K, 99% used [0x00000000e7280000,0x00000000e7f7a080,0x00000000e7f80000)
  to   space 15872K, 0% used [0x00000000e9080000,0x00000000e9080000,0x00000000ea000000)
 ParOldGen       total 74752K, used 33699K [0x00000000a0000000, 0x00000000a4900000, 0x00000000e0000000)
  object space 74752K, 45% used [0x00000000a0000000,0x00000000a20e8ca8,0x00000000a4900000)
 Metaspace       used 63438K, capacity 65810K, committed 66072K, reserved 1105920K
  class space    used 8684K, capacity 9208K, committed 9240K, reserved 1048576K
}
Event: 139.362 GC heap before
{Heap before GC invocations=25 (full 3):
 PSYoungGen      total 130560K, used 130536K [0x00000000e0000000, 0x00000000ea000000, 0x0000000100000000)
  eden space 117248K, 100% used [0x00000000e0000000,0x00000000e7280000,0x00000000e7280000)
  from space 13312K, 99% used [0x00000000e7280000,0x00000000e7f7a080,0x00000000e7f80000)
  to   space 15872K, 0% used [0x00000000e9080000,0x00000000e9080000,0x00000000ea000000)
 ParOldGen       total 74752K, used 33699K [0x00000000a0000000, 0x00000000a4900000, 0x00000000e0000000)
  object space 74752K, 45% used [0x00000000a0000000,0x00000000a20e8ca8,0x00000000a4900000)
 Metaspace       used 70766K, capacity 73196K, committed 73368K, reserved 1112064K
  class space    used 9542K, capacity 10107K, committed 10136K, reserved 1048576K
Event: 139.460 GC heap after
Heap after GC invocations=25 (full 3):
 PSYoungGen      total 139776K, used 15856K [0x00000000e0000000, 0x00000000eae00000, 0x0000000100000000)
  eden space 123904K, 0% used [0x00000000e0000000,0x00000000e0000000,0x00000000e7900000)
  from space 15872K, 99% used [0x00000000e9080000,0x00000000e9ffc1d8,0x00000000ea000000)
  to   space 24064K, 0% used [0x00000000e7900000,0x00000000e7900000,0x00000000e9080000)
 ParOldGen       total 74752K, used 49349K [0x00000000a0000000, 0x00000000a4900000, 0x00000000e0000000)
  object space 74752K, 66% used [0x00000000a0000000,0x00000000a30317e0,0x00000000a4900000)
 Metaspace       used 70766K, capacity 73196K, committed 73368K, reserved 1112064K
  class space    used 9542K, capacity 10107K, committed 10136K, reserved 1048576K
}
Event: 146.640 GC heap before
{Heap before GC invocations=26 (full 3):
 PSYoungGen      total 139776K, used 139760K [0x00000000e0000000, 0x00000000eae00000, 0x0000000100000000)
  eden space 123904K, 100% used [0x00000000e0000000,0x00000000e7900000,0x00000000e7900000)
  from space 15872K, 99% used [0x00000000e9080000,0x00000000e9ffc1d8,0x00000000ea000000)
  to   space 24064K, 0% used [0x00000000e7900000,0x00000000e7900000,0x00000000e9080000)
 ParOldGen       total 74752K, used 49349K [0x00000000a0000000, 0x00000000a4900000, 0x00000000e0000000)
  object space 74752K, 66% used [0x00000000a0000000,0x00000000a30317e0,0x00000000a4900000)
 Metaspace       used 72683K, capacity 75230K, committed 75416K, reserved 1114112K
  class space    used 9727K, capacity 10318K, committed 10392K, reserved 1048576K
Event: 147.036 GC heap after
Heap after GC invocations=26 (full 3):
 PSYoungGen      total 147968K, used 23693K [0x00000000e0000000, 0x00000000ec600000, 0x0000000100000000)
  eden space 123904K, 0% used [0x00000000e0000000,0x00000000e0000000,0x00000000e7900000)
  from space 24064K, 98% used [0x00000000e7900000,0x00000000e90237e0,0x00000000e9080000)
  to   space 27648K, 0% used [0x00000000eab00000,0x00000000eab00000,0x00000000ec600000)
 ParOldGen       total 74752K, used 59866K [0x00000000a0000000, 0x00000000a4900000, 0x00000000e0000000)
  object space 74752K, 80% used [0x00000000a0000000,0x00000000a3a76b80,0x00000000a4900000)
 Metaspace       used 72683K, capacity 75230K, committed 75416K, reserved 1114112K
  class space    used 9727K, capacity 10318K, committed 10392K, reserved 1048576K
}
Event: 148.857 GC heap before
{Heap before GC invocations=27 (full 3):
 PSYoungGen      total 147968K, used 147597K [0x00000000e0000000, 0x00000000ec600000, 0x0000000100000000)
  eden space 123904K, 100% used [0x00000000e0000000,0x00000000e7900000,0x00000000e7900000)
  from space 24064K, 98% used [0x00000000e7900000,0x00000000e90237e0,0x00000000e9080000)
  to   space 27648K, 0% used [0x00000000eab00000,0x00000000eab00000,0x00000000ec600000)
 ParOldGen       total 74752K, used 59866K [0x00000000a0000000, 0x00000000a4900000, 0x00000000e0000000)
  object space 74752K, 80% used [0x00000000a0000000,0x00000000a3a76b80,0x00000000a4900000)
 Metaspace       used 72689K, capacity 75230K, committed 75416K, reserved 1114112K
  class space    used 9728K, capacity 10318K, committed 10392K, reserved 1048576K
Event: 148.965 GC heap after
Heap after GC invocations=27 (full 3):
 PSYoungGen      total 168448K, used 27645K [0x00000000e0000000, 0x00000000ed780000, 0x0000000100000000)
  eden space 140800K, 0% used [0x00000000e0000000,0x00000000e0000000,0x00000000e8980000)
  from space 27648K, 99% used [0x00000000eab00000,0x00000000ec5ff5a8,0x00000000ec600000)
  to   space 34304K, 0% used [0x00000000e8980000,0x00000000e8980000,0x00000000eab00000)
 ParOldGen       total 74752K, used 65594K [0x00000000a0000000, 0x00000000a4900000, 0x00000000e0000000)
  object space 74752K, 87% used [0x00000000a0000000,0x00000000a400eba8,0x00000000a4900000)
 Metaspace       used 72689K, capacity 75230K, committed 75416K, reserved 1114112K
  class space    used 9728K, capacity 10318K, committed 10392K, reserved 1048576K
}
Event: 148.965 GC heap before
{Heap before GC invocations=28 (full 4):
 PSYoungGen      total 168448K, used 27645K [0x00000000e0000000, 0x00000000ed780000, 0x0000000100000000)
  eden space 140800K, 0% used [0x00000000e0000000,0x00000000e0000000,0x00000000e8980000)
  from space 27648K, 99% used [0x00000000eab00000,0x00000000ec5ff5a8,0x00000000ec600000)
  to   space 34304K, 0% used [0x00000000e8980000,0x00000000e8980000,0x00000000eab00000)
 ParOldGen       total 74752K, used 65594K [0x00000000a0000000, 0x00000000a4900000, 0x00000000e0000000)
  object space 74752K, 87% used [0x00000000a0000000,0x00000000a400eba8,0x00000000a4900000)
 Metaspace       used 72689K, capacity 75230K, committed 75416K, reserved 1114112K
  class space    used 9728K, capacity 10318K, committed 10392K, reserved 1048576K
Event: 149.417 GC heap after
Heap after GC invocations=28 (full 4):
 PSYoungGen      total 168448K, used 0K [0x00000000e0000000, 0x00000000ed780000, 0x0000000100000000)
  eden space 140800K, 0% used [0x00000000e0000000,0x00000000e0000000,0x00000000e8980000)
  from space 27648K, 0% used [0x00000000eab00000,0x00000000eab00000,0x00000000ec600000)
  to   space 34304K, 0% used [0x00000000e8980000,0x00000000e8980000,0x00000000eab00000)
 ParOldGen       total 74752K, used 68678K [0x00000000a0000000, 0x00000000a4900000, 0x00000000e0000000)
  object space 74752K, 91% used [0x00000000a0000000,0x00000000a43118a8,0x00000000a4900000)
 Metaspace       used 71746K, capacity 74068K, committed 75416K, reserved 1114112K
  class space    used 9600K, capacity 10153K, committed 10392K, reserved 1048576K
}

