# JRE version: OpenJDK Runtime Environment (8.0_212-b04) (build 1.8.0_212-release-1586-b04)
# Java VM: OpenJDK 64-Bit Server VM (25.212-b04 mixed mode windows-amd64 compressed oops)
Heap:
 PSYoungGen      total 391680K, used 237778K [0x00000000e0000000, 0x00000000ffd80000, 0x0000000100000000)
  eden space 340992K, 54% used [0x00000000e0000000,0x00000000eb6b69f8,0x00000000f4d00000)
  from space 50688K, 99% used [0x00000000f4d00000,0x00000000f7e7e988,0x00000000f7e80000)
  to   space 73216K, 0% used [0x00000000fb600000,0x00000000fb600000,0x00000000ffd80000)
 ParOldGen       total 263680K, used 184176K [0x00000000a0000000, 0x00000000b0180000, 0x00000000e0000000)
  object space 263680K, 69% used [0x00000000a0000000,0x00000000ab3dc150,0x00000000b0180000)
 Metaspace       used 103485K, capacity 107914K, committed 108952K, reserved 1144832K
  class space    used 13126K, capacity 14022K, committed 14232K, reserved 1048576K
GC Heap History (10 events):
Event: 1367.574 GC heap before
{Heap before GC invocations=62 (full 4):
 PSYoungGen      total 323072K, used 292672K [0x00000000e0000000, 0x00000000f7d80000, 0x0000000100000000)
  eden space 290816K, 100% used [0x00000000e0000000,0x00000000f1c00000,0x00000000f1c00000)
  from space 32256K, 5% used [0x00000000f1c00000,0x00000000f1dd0000,0x00000000f3b80000)
  to   space 31232K, 0% used [0x00000000f5f00000,0x00000000f5f00000,0x00000000f7d80000)
 ParOldGen       total 145920K, used 129452K [0x00000000a0000000, 0x00000000a8e80000, 0x00000000e0000000)
  object space 145920K, 88% used [0x00000000a0000000,0x00000000a7e6b2d0,0x00000000a8e80000)
 Metaspace       used 103537K, capacity 107924K, committed 108184K, reserved 1142784K
  class space    used 13206K, capacity 14153K, committed 14232K, reserved 1048576K
Event: 1367.588 GC heap after
Heap after GC invocations=62 (full 4):
 PSYoungGen      total 353280K, used 1216K [0x00000000e0000000, 0x00000000f7a00000, 0x0000000100000000)
  eden space 325632K, 0% used [0x00000000e0000000,0x00000000e0000000,0x00000000f3e00000)
  from space 27648K, 4% used [0x00000000f5f00000,0x00000000f6030000,0x00000000f7a00000)
  to   space 30720K, 0% used [0x00000000f3e00000,0x00000000f3e00000,0x00000000f5c00000)
 ParOldGen       total 145920K, used 131082K [0x00000000a0000000, 0x00000000a8e80000, 0x00000000e0000000)
  object space 145920K, 89% used [0x00000000a0000000,0x00000000a8002af0,0x00000000a8e80000)
 Metaspace       used 103537K, capacity 107924K, committed 108184K, reserved 1142784K
  class space    used 13206K, capacity 14153K, committed 14232K, reserved 1048576K
}
Event: 1370.091 GC heap before
{Heap before GC invocations=63 (full 4):
 PSYoungGen      total 353280K, used 326848K [0x00000000e0000000, 0x00000000f7a00000, 0x0000000100000000)
  eden space 325632K, 100% used [0x00000000e0000000,0x00000000f3e00000,0x00000000f3e00000)
  from space 27648K, 4% used [0x00000000f5f00000,0x00000000f6030000,0x00000000f7a00000)
  to   space 30720K, 0% used [0x00000000f3e00000,0x00000000f3e00000,0x00000000f5c00000)
 ParOldGen       total 145920K, used 131082K [0x00000000a0000000, 0x00000000a8e80000, 0x00000000e0000000)
  object space 145920K, 89% used [0x00000000a0000000,0x00000000a8002af0,0x00000000a8e80000)
 Metaspace       used 103553K, capacity 107924K, committed 108184K, reserved 1142784K
  class space    used 13206K, capacity 14153K, committed 14232K, reserved 1048576K
Event: 1370.108 GC heap after
Heap after GC invocations=63 (full 4):
 PSYoungGen      total 356352K, used 1664K [0x00000000e0000000, 0x00000000f9b80000, 0x0000000100000000)
  eden space 325632K, 0% used [0x00000000e0000000,0x00000000e0000000,0x00000000f3e00000)
  from space 30720K, 5% used [0x00000000f3e00000,0x00000000f3fa0000,0x00000000f5c00000)
  to   space 29696K, 0% used [0x00000000f7e80000,0x00000000f7e80000,0x00000000f9b80000)
 ParOldGen       total 145920K, used 132247K [0x00000000a0000000, 0x00000000a8e80000, 0x00000000e0000000)
  object space 145920K, 90% used [0x00000000a0000000,0x00000000a8125cf8,0x00000000a8e80000)
 Metaspace       used 103553K, capacity 107924K, committed 108184K, reserved 1142784K
  class space    used 13206K, capacity 14153K, committed 14232K, reserved 1048576K
}
Event: 1379.682 GC heap before
{Heap before GC invocations=64 (full 4):
 PSYoungGen      total 356352K, used 327296K [0x00000000e0000000, 0x00000000f9b80000, 0x0000000100000000)
  eden space 325632K, 100% used [0x00000000e0000000,0x00000000f3e00000,0x00000000f3e00000)
  from space 30720K, 5% used [0x00000000f3e00000,0x00000000f3fa0000,0x00000000f5c00000)
  to   space 29696K, 0% used [0x00000000f7e80000,0x00000000f7e80000,0x00000000f9b80000)
 ParOldGen       total 145920K, used 132247K [0x00000000a0000000, 0x00000000a8e80000, 0x00000000e0000000)
  object space 145920K, 90% used [0x00000000a0000000,0x00000000a8125cf8,0x00000000a8e80000)
 Metaspace       used 104239K, capacity 108690K, committed 108952K, reserved 1144832K
  class space    used 13266K, capacity 14212K, committed 14232K, reserved 1048576K
Event: 1379.790 GC heap after
Heap after GC invocations=64 (full 4):
 PSYoungGen      total 370688K, used 29677K [0x00000000e0000000, 0x00000000fc300000, 0x0000000100000000)
  eden space 340992K, 0% used [0x00000000e0000000,0x00000000e0000000,0x00000000f4d00000)
  from space 29696K, 99% used [0x00000000f7e80000,0x00000000f9b7b498,0x00000000f9b80000)
  to   space 50688K, 0% used [0x00000000f4d00000,0x00000000f4d00000,0x00000000f7e80000)
 ParOldGen       total 173568K, used 172645K [0x00000000a0000000, 0x00000000aa980000, 0x00000000e0000000)
  object space 173568K, 99% used [0x00000000a0000000,0x00000000aa899548,0x00000000aa980000)
 Metaspace       used 104239K, capacity 108690K, committed 108952K, reserved 1144832K
  class space    used 13266K, capacity 14212K, committed 14232K, reserved 1048576K
}
Event: 1379.854 GC heap before
{Heap before GC invocations=65 (full 5):
 PSYoungGen      total 370688K, used 29677K [0x00000000e0000000, 0x00000000fc300000, 0x0000000100000000)
  eden space 340992K, 0% used [0x00000000e0000000,0x00000000e0000000,0x00000000f4d00000)
  from space 29696K, 99% used [0x00000000f7e80000,0x00000000f9b7b498,0x00000000f9b80000)
  to   space 50688K, 0% used [0x00000000f4d00000,0x00000000f4d00000,0x00000000f7e80000)
 ParOldGen       total 173568K, used 172645K [0x00000000a0000000, 0x00000000aa980000, 0x00000000e0000000)
  object space 173568K, 99% used [0x00000000a0000000,0x00000000aa899548,0x00000000aa980000)
 Metaspace       used 104239K, capacity 108690K, committed 108952K, reserved 1144832K
  class space    used 13266K, capacity 14212K, committed 14232K, reserved 1048576K
Event: 1384.313 GC heap after
Heap after GC invocations=65 (full 5):
 PSYoungGen      total 370688K, used 0K [0x00000000e0000000, 0x00000000fc300000, 0x0000000100000000)
  eden space 340992K, 0% used [0x00000000e0000000,0x00000000e0000000,0x00000000f4d00000)
  from space 29696K, 0% used [0x00000000f7e80000,0x00000000f7e80000,0x00000000f9b80000)
  to   space 50688K, 0% used [0x00000000f4d00000,0x00000000f4d00000,0x00000000f7e80000)
 ParOldGen       total 263680K, used 149159K [0x00000000a0000000, 0x00000000b0180000, 0x00000000e0000000)
  object space 263680K, 56% used [0x00000000a0000000,0x00000000a91a9ea8,0x00000000b0180000)
 Metaspace       used 103187K, capacity 107374K, committed 108952K, reserved 1144832K
  class space    used 13094K, capacity 13966K, committed 14232K, reserved 1048576K
}
Event: 1393.593 GC heap before
{Heap before GC invocations=66 (full 5):
 PSYoungGen      total 370688K, used 340992K [0x00000000e0000000, 0x00000000fc300000, 0x0000000100000000)
  eden space 340992K, 100% used [0x00000000e0000000,0x00000000f4d00000,0x00000000f4d00000)
  from space 29696K, 0% used [0x00000000f7e80000,0x00000000f7e80000,0x00000000f9b80000)
  to   space 50688K, 0% used [0x00000000f4d00000,0x00000000f4d00000,0x00000000f7e80000)
 ParOldGen       total 263680K, used 149159K [0x00000000a0000000, 0x00000000b0180000, 0x00000000e0000000)
  object space 263680K, 56% used [0x00000000a0000000,0x00000000a91a9ea8,0x00000000b0180000)
 Metaspace       used 103199K, capacity 107438K, committed 108952K, reserved 1144832K
  class space    used 13094K, capacity 13966K, committed 14232K, reserved 1048576K
Event: 1394.192 GC heap after
Heap after GC invocations=66 (full 5):
 PSYoungGen      total 391680K, used 50682K [0x00000000e0000000, 0x00000000ffd80000, 0x0000000100000000)
  eden space 340992K, 0% used [0x00000000e0000000,0x00000000e0000000,0x00000000f4d00000)
  from space 50688K, 99% used [0x00000000f4d00000,0x00000000f7e7e988,0x00000000f7e80000)
  to   space 73216K, 0% used [0x00000000fb600000,0x00000000fb600000,0x00000000ffd80000)
 ParOldGen       total 263680K, used 184176K [0x00000000a0000000, 0x00000000b0180000, 0x00000000e0000000)
  object space 263680K, 69% used [0x00000000a0000000,0x00000000ab3dc150,0x00000000b0180000)
 Metaspace       used 103199K, capacity 107438K, committed 108952K, reserved 1144832K
  class space    used 13094K, capacity 13966K, committed 14232K, reserved 1048576K
}

