# JRE version: OpenJDK Runtime Environment (8.0_212-b04) (build 1.8.0_212-release-1586-b04)
# Java VM: OpenJDK 64-Bit Server VM (25.212-b04 mixed mode windows-amd64 compressed oops)
Heap:
 PSYoungGen      total 155136K, used 27067K [0x00000000e0000000, 0x00000000eb580000, 0x0000000100000000)
  eden space 129536K, 5% used [0x00000000e0000000,0x00000000e0772848,0x00000000e7e80000)
  from space 25600K, 75% used [0x00000000e9780000,0x00000000eaa7c788,0x00000000eb080000)
  to   space 25600K, 0% used [0x00000000e7e80000,0x00000000e7e80000,0x00000000e9780000)
 ParOldGen       total 175104K, used 61524K [0x00000000a0000000, 0x00000000aab00000, 0x00000000e0000000)
  object space 175104K, 35% used [0x00000000a0000000,0x00000000a3c153c8,0x00000000aab00000)
 Metaspace       used 94461K, capacity 98060K, committed 98344K, reserved 1134592K
  class space    used 12498K, capacity 13269K, committed 13352K, reserved 1048576K
GC Heap History (10 events):
Event: 167.652 GC heap before
{Heap before GC invocations=21 (full 3):
 PSYoungGen      total 139264K, used 139232K [0x00000000e0000000, 0x00000000e9680000, 0x0000000100000000)
  eden space 124416K, 100% used [0x00000000e0000000,0x00000000e7980000,0x00000000e7980000)
  from space 14848K, 99% used [0x00000000e7980000,0x00000000e87f83c0,0x00000000e8800000)
  to   space 9216K, 0% used [0x00000000e8d80000,0x00000000e8d80000,0x00000000e9680000)
 ParOldGen       total 67584K, used 38784K [0x00000000a0000000, 0x00000000a4200000, 0x00000000e0000000)
  object space 67584K, 57% used [0x00000000a0000000,0x00000000a25e0328,0x00000000a4200000)
 Metaspace       used 75155K, capacity 77718K, committed 77992K, reserved 1116160K
  class space    used 9944K, capacity 10552K, committed 10664K, reserved 1048576K
Event: 167.813 GC heap after
Heap after GC invocations=21 (full 3):
 PSYoungGen      total 130048K, used 9203K [0x00000000e0000000, 0x00000000eb200000, 0x0000000100000000)
  eden space 120832K, 0% used [0x00000000e0000000,0x00000000e0000000,0x00000000e7600000)
  from space 9216K, 99% used [0x00000000e8d80000,0x00000000e967ce20,0x00000000e9680000)
  to   space 24064K, 0% used [0x00000000e7600000,0x00000000e7600000,0x00000000e8d80000)
 ParOldGen       total 67584K, used 54504K [0x00000000a0000000, 0x00000000a4200000, 0x00000000e0000000)
  object space 67584K, 80% used [0x00000000a0000000,0x00000000a353a120,0x00000000a4200000)
 Metaspace       used 75155K, capacity 77718K, committed 77992K, reserved 1116160K
  class space    used 9944K, capacity 10552K, committed 10664K, reserved 1048576K
}
Event: 180.188 GC heap before
{Heap before GC invocations=22 (full 3):
 PSYoungGen      total 130048K, used 130035K [0x00000000e0000000, 0x00000000eb200000, 0x0000000100000000)
  eden space 120832K, 100% used [0x00000000e0000000,0x00000000e7600000,0x00000000e7600000)
  from space 9216K, 99% used [0x00000000e8d80000,0x00000000e967ce20,0x00000000e9680000)
  to   space 24064K, 0% used [0x00000000e7600000,0x00000000e7600000,0x00000000e8d80000)
 ParOldGen       total 67584K, used 54504K [0x00000000a0000000, 0x00000000a4200000, 0x00000000e0000000)
  object space 67584K, 80% used [0x00000000a0000000,0x00000000a353a120,0x00000000a4200000)
 Metaspace       used 84694K, capacity 87844K, committed 88104K, reserved 1126400K
  class space    used 11095K, capacity 11809K, committed 11816K, reserved 1048576K
Event: 180.244 GC heap after
Heap after GC invocations=22 (full 3):
 PSYoungGen      total 144896K, used 17966K [0x00000000e0000000, 0x00000000eb080000, 0x0000000100000000)
  eden space 120832K, 0% used [0x00000000e0000000,0x00000000e0000000,0x00000000e7600000)
  from space 24064K, 74% used [0x00000000e7600000,0x00000000e878bbc0,0x00000000e8d80000)
  to   space 25600K, 0% used [0x00000000e9780000,0x00000000e9780000,0x00000000eb080000)
 ParOldGen       total 67584K, used 61344K [0x00000000a0000000, 0x00000000a4200000, 0x00000000e0000000)
  object space 67584K, 90% used [0x00000000a0000000,0x00000000a3be8268,0x00000000a4200000)
 Metaspace       used 84694K, capacity 87844K, committed 88104K, reserved 1126400K
  class space    used 11095K, capacity 11809K, committed 11816K, reserved 1048576K
}
Event: 180.244 GC heap before
{Heap before GC invocations=23 (full 4):
 PSYoungGen      total 144896K, used 17966K [0x00000000e0000000, 0x00000000eb080000, 0x0000000100000000)
  eden space 120832K, 0% used [0x00000000e0000000,0x00000000e0000000,0x00000000e7600000)
  from space 24064K, 74% used [0x00000000e7600000,0x00000000e878bbc0,0x00000000e8d80000)
  to   space 25600K, 0% used [0x00000000e9780000,0x00000000e9780000,0x00000000eb080000)
 ParOldGen       total 67584K, used 61344K [0x00000000a0000000, 0x00000000a4200000, 0x00000000e0000000)
  object space 67584K, 90% used [0x00000000a0000000,0x00000000a3be8268,0x00000000a4200000)
 Metaspace       used 84694K, capacity 87844K, committed 88104K, reserved 1126400K
  class space    used 11095K, capacity 11809K, committed 11816K, reserved 1048576K
Event: 181.060 GC heap after
Heap after GC invocations=23 (full 4):
 PSYoungGen      total 144896K, used 0K [0x00000000e0000000, 0x00000000eb080000, 0x0000000100000000)
  eden space 120832K, 0% used [0x00000000e0000000,0x00000000e0000000,0x00000000e7600000)
  from space 24064K, 0% used [0x00000000e7600000,0x00000000e7600000,0x00000000e8d80000)
  to   space 25600K, 0% used [0x00000000e9780000,0x00000000e9780000,0x00000000eb080000)
 ParOldGen       total 175104K, used 61500K [0x00000000a0000000, 0x00000000aab00000, 0x00000000e0000000)
  object space 175104K, 35% used [0x00000000a0000000,0x00000000a3c0f3c8,0x00000000aab00000)
 Metaspace       used 83695K, capacity 86554K, committed 88104K, reserved 1126400K
  class space    used 10951K, capacity 11625K, committed 11816K, reserved 1048576K
}
Event: 185.170 GC heap before
{Heap before GC invocations=24 (full 4):
 PSYoungGen      total 144896K, used 120832K [0x00000000e0000000, 0x00000000eb080000, 0x0000000100000000)
  eden space 120832K, 100% used [0x00000000e0000000,0x00000000e7600000,0x00000000e7600000)
  from space 24064K, 0% used [0x00000000e7600000,0x00000000e7600000,0x00000000e8d80000)
  to   space 25600K, 0% used [0x00000000e9780000,0x00000000e9780000,0x00000000eb080000)
 ParOldGen       total 175104K, used 61500K [0x00000000a0000000, 0x00000000aab00000, 0x00000000e0000000)
  object space 175104K, 35% used [0x00000000a0000000,0x00000000a3c0f3c8,0x00000000aab00000)
 Metaspace       used 92315K, capacity 95750K, committed 96040K, reserved 1132544K
  class space    used 12284K, capacity 13064K, committed 13096K, reserved 1048576K
Event: 185.256 GC heap after
Heap after GC invocations=24 (full 4):
 PSYoungGen      total 155136K, used 14546K [0x00000000e0000000, 0x00000000eb580000, 0x0000000100000000)
  eden space 129536K, 0% used [0x00000000e0000000,0x00000000e0000000,0x00000000e7e80000)
  from space 25600K, 56% used [0x00000000e9780000,0x00000000ea5b4a40,0x00000000eb080000)
  to   space 25600K, 0% used [0x00000000e7e80000,0x00000000e7e80000,0x00000000e9780000)
 ParOldGen       total 175104K, used 61508K [0x00000000a0000000, 0x00000000aab00000, 0x00000000e0000000)
  object space 175104K, 35% used [0x00000000a0000000,0x00000000a3c113c8,0x00000000aab00000)
 Metaspace       used 92315K, capacity 95750K, committed 96040K, reserved 1132544K
  class space    used 12284K, capacity 13064K, committed 13096K, reserved 1048576K
}
Event: 188.676 GC heap before
{Heap before GC invocations=25 (full 4):
 PSYoungGen      total 155136K, used 144082K [0x00000000e0000000, 0x00000000eb580000, 0x0000000100000000)
  eden space 129536K, 100% used [0x00000000e0000000,0x00000000e7e80000,0x00000000e7e80000)
  from space 25600K, 56% used [0x00000000e9780000,0x00000000ea5b4a40,0x00000000eb080000)
  to   space 25600K, 0% used [0x00000000e7e80000,0x00000000e7e80000,0x00000000e9780000)
 ParOldGen       total 175104K, used 61508K [0x00000000a0000000, 0x00000000aab00000, 0x00000000e0000000)
  object space 175104K, 35% used [0x00000000a0000000,0x00000000a3c113c8,0x00000000aab00000)
 Metaspace       used 94093K, capacity 97612K, committed 97832K, reserved 1134592K
  class space    used 12468K, capacity 13269K, committed 13352K, reserved 1048576K
Event: 188.728 GC heap after
Heap after GC invocations=25 (full 4):
 PSYoungGen      total 155136K, used 19975K [0x00000000e0000000, 0x00000000eb580000, 0x0000000100000000)
  eden space 129536K, 0% used [0x00000000e0000000,0x00000000e0000000,0x00000000e7e80000)
  from space 25600K, 78% used [0x00000000e7e80000,0x00000000e9201e28,0x00000000e9780000)
  to   space 25600K, 0% used [0x00000000e9780000,0x00000000e9780000,0x00000000eb080000)
 ParOldGen       total 175104K, used 61516K [0x00000000a0000000, 0x00000000aab00000, 0x00000000e0000000)
  object space 175104K, 35% used [0x00000000a0000000,0x00000000a3c133c8,0x00000000aab00000)
 Metaspace       used 94093K, capacity 97612K, committed 97832K, reserved 1134592K
  class space    used 12468K, capacity 13269K, committed 13352K, reserved 1048576K
}

