# JRE version: OpenJDK Runtime Environment (8.0_212-b04) (build 1.8.0_212-release-1586-b04)
# Java VM: OpenJDK 64-Bit Server VM (25.212-b04 mixed mode windows-amd64 compressed oops)
Heap:
 PSYoungGen      total 137728K, used 52778K [0x00000000e0000000, 0x00000000e9580000, 0x0000000100000000)
  eden space 122368K, 30% used [0x00000000e0000000,0x00000000e248fbd0,0x00000000e7780000)
  from space 15360K, 99% used [0x00000000e7780000,0x00000000e867aed8,0x00000000e8680000)
  to   space 12800K, 0% used [0x00000000e8900000,0x00000000e8900000,0x00000000e9580000)
 ParOldGen       total 106496K, used 38516K [0x00000000a0000000, 0x00000000a6800000, 0x00000000e0000000)
  object space 106496K, 36% used [0x00000000a0000000,0x00000000a259d218,0x00000000a6800000)
 Metaspace       used 67326K, capacity 69568K, committed 69888K, reserved 1110016K
  class space    used 9097K, capacity 9615K, committed 9728K, reserved 1048576K
GC Heap History (10 events):
Event: 51.243 GC heap before
{Heap before GC invocations=16 (full 2):
 PSYoungGen      total 103936K, used 103921K [0x00000000e0000000, 0x00000000e8100000, 0x0000000100000000)
  eden space 95232K, 100% used [0x00000000e0000000,0x00000000e5d00000,0x00000000e5d00000)
  from space 8704K, 99% used [0x00000000e5d00000,0x00000000e657c5e0,0x00000000e6580000)
  to   space 11264K, 0% used [0x00000000e7600000,0x00000000e7600000,0x00000000e8100000)
 ParOldGen       total 65536K, used 20626K [0x00000000a0000000, 0x00000000a4000000, 0x00000000e0000000)
  object space 65536K, 31% used [0x00000000a0000000,0x00000000a1424ac0,0x00000000a4000000)
 Metaspace       used 52469K, capacity 54120K, committed 54272K, reserved 1095680K
  class space    used 7185K, capacity 7619K, committed 7680K, reserved 1048576K
Event: 51.301 GC heap after
Heap after GC invocations=16 (full 2):
 PSYoungGen      total 119296K, used 11205K [0x00000000e0000000, 0x00000000e8400000, 0x0000000100000000)
  eden space 108032K, 0% used [0x00000000e0000000,0x00000000e0000000,0x00000000e6980000)
  from space 11264K, 99% used [0x00000000e7600000,0x00000000e80f1488,0x00000000e8100000)
  to   space 12800K, 0% used [0x00000000e6980000,0x00000000e6980000,0x00000000e7600000)
 ParOldGen       total 65536K, used 26458K [0x00000000a0000000, 0x00000000a4000000, 0x00000000e0000000)
  object space 65536K, 40% used [0x00000000a0000000,0x00000000a19d6ad8,0x00000000a4000000)
 Metaspace       used 52469K, capacity 54120K, committed 54272K, reserved 1095680K
  class space    used 7185K, capacity 7619K, committed 7680K, reserved 1048576K
}
Event: 56.931 GC heap before
{Heap before GC invocations=17 (full 2):
 PSYoungGen      total 119296K, used 87202K [0x00000000e0000000, 0x00000000e8400000, 0x0000000100000000)
  eden space 108032K, 70% used [0x00000000e0000000,0x00000000e4a37680,0x00000000e6980000)
  from space 11264K, 99% used [0x00000000e7600000,0x00000000e80f1488,0x00000000e8100000)
  to   space 12800K, 0% used [0x00000000e6980000,0x00000000e6980000,0x00000000e7600000)
 ParOldGen       total 65536K, used 26458K [0x00000000a0000000, 0x00000000a4000000, 0x00000000e0000000)
  object space 65536K, 40% used [0x00000000a0000000,0x00000000a19d6ad8,0x00000000a4000000)
 Metaspace       used 57229K, capacity 59094K, committed 59160K, reserved 1099776K
  class space    used 7895K, capacity 8384K, committed 8448K, reserved 1048576K
Event: 56.976 GC heap after
Heap after GC invocations=17 (full 2):
 PSYoungGen      total 120832K, used 12787K [0x00000000e0000000, 0x00000000e9800000, 0x0000000100000000)
  eden space 108032K, 0% used [0x00000000e0000000,0x00000000e0000000,0x00000000e6980000)
  from space 12800K, 99% used [0x00000000e6980000,0x00000000e75fcec8,0x00000000e7600000)
  to   space 15360K, 0% used [0x00000000e8900000,0x00000000e8900000,0x00000000e9800000)
 ParOldGen       total 65536K, used 28095K [0x00000000a0000000, 0x00000000a4000000, 0x00000000e0000000)
  object space 65536K, 42% used [0x00000000a0000000,0x00000000a1b6fc70,0x00000000a4000000)
 Metaspace       used 57229K, capacity 59094K, committed 59160K, reserved 1099776K
  class space    used 7895K, capacity 8384K, committed 8448K, reserved 1048576K
}
Event: 56.976 GC heap before
{Heap before GC invocations=18 (full 3):
 PSYoungGen      total 120832K, used 12787K [0x00000000e0000000, 0x00000000e9800000, 0x0000000100000000)
  eden space 108032K, 0% used [0x00000000e0000000,0x00000000e0000000,0x00000000e6980000)
  from space 12800K, 99% used [0x00000000e6980000,0x00000000e75fcec8,0x00000000e7600000)
  to   space 15360K, 0% used [0x00000000e8900000,0x00000000e8900000,0x00000000e9800000)
 ParOldGen       total 65536K, used 28095K [0x00000000a0000000, 0x00000000a4000000, 0x00000000e0000000)
  object space 65536K, 42% used [0x00000000a0000000,0x00000000a1b6fc70,0x00000000a4000000)
 Metaspace       used 57229K, capacity 59094K, committed 59160K, reserved 1099776K
  class space    used 7895K, capacity 8384K, committed 8448K, reserved 1048576K
Event: 57.646 GC heap after
Heap after GC invocations=18 (full 3):
 PSYoungGen      total 120832K, used 0K [0x00000000e0000000, 0x00000000e9800000, 0x0000000100000000)
  eden space 108032K, 0% used [0x00000000e0000000,0x00000000e0000000,0x00000000e6980000)
  from space 12800K, 0% used [0x00000000e6980000,0x00000000e6980000,0x00000000e7600000)
  to   space 15360K, 0% used [0x00000000e8900000,0x00000000e8900000,0x00000000e9800000)
 ParOldGen       total 106496K, used 34235K [0x00000000a0000000, 0x00000000a6800000, 0x00000000e0000000)
  object space 106496K, 32% used [0x00000000a0000000,0x00000000a216edf0,0x00000000a6800000)
 Metaspace       used 57213K, capacity 59054K, committed 59160K, reserved 1099776K
  class space    used 7890K, capacity 8374K, committed 8448K, reserved 1048576K
}
Event: 75.017 GC heap before
{Heap before GC invocations=19 (full 3):
 PSYoungGen      total 120832K, used 108032K [0x00000000e0000000, 0x00000000e9800000, 0x0000000100000000)
  eden space 108032K, 100% used [0x00000000e0000000,0x00000000e6980000,0x00000000e6980000)
  from space 12800K, 0% used [0x00000000e6980000,0x00000000e6980000,0x00000000e7600000)
  to   space 15360K, 0% used [0x00000000e8900000,0x00000000e8900000,0x00000000e9800000)
 ParOldGen       total 106496K, used 34235K [0x00000000a0000000, 0x00000000a6800000, 0x00000000e0000000)
  object space 106496K, 32% used [0x00000000a0000000,0x00000000a216edf0,0x00000000a6800000)
 Metaspace       used 58666K, capacity 60698K, committed 60928K, reserved 1101824K
  class space    used 8060K, capacity 8578K, committed 8704K, reserved 1048576K
Event: 75.054 GC heap after
Heap after GC invocations=19 (full 3):
 PSYoungGen      total 135168K, used 8501K [0x00000000e0000000, 0x00000000e9580000, 0x0000000100000000)
  eden space 122368K, 0% used [0x00000000e0000000,0x00000000e0000000,0x00000000e7780000)
  from space 12800K, 66% used [0x00000000e8900000,0x00000000e914d498,0x00000000e9580000)
  to   space 15360K, 0% used [0x00000000e7780000,0x00000000e7780000,0x00000000e8680000)
 ParOldGen       total 106496K, used 34243K [0x00000000a0000000, 0x00000000a6800000, 0x00000000e0000000)
  object space 106496K, 32% used [0x00000000a0000000,0x00000000a2170df0,0x00000000a6800000)
 Metaspace       used 58666K, capacity 60698K, committed 60928K, reserved 1101824K
  class space    used 8060K, capacity 8578K, committed 8704K, reserved 1048576K
}
Event: 92.870 GC heap before
{Heap before GC invocations=20 (full 3):
 PSYoungGen      total 135168K, used 130869K [0x00000000e0000000, 0x00000000e9580000, 0x0000000100000000)
  eden space 122368K, 100% used [0x00000000e0000000,0x00000000e7780000,0x00000000e7780000)
  from space 12800K, 66% used [0x00000000e8900000,0x00000000e914d498,0x00000000e9580000)
  to   space 15360K, 0% used [0x00000000e7780000,0x00000000e7780000,0x00000000e8680000)
 ParOldGen       total 106496K, used 34243K [0x00000000a0000000, 0x00000000a6800000, 0x00000000e0000000)
  object space 106496K, 32% used [0x00000000a0000000,0x00000000a2170df0,0x00000000a6800000)
 Metaspace       used 66608K, capacity 68790K, committed 68992K, reserved 1107968K
  class space    used 9019K, capacity 9564K, committed 9600K, reserved 1048576K
Event: 93.168 GC heap after
Heap after GC invocations=20 (full 3):
 PSYoungGen      total 137728K, used 15339K [0x00000000e0000000, 0x00000000e9580000, 0x0000000100000000)
  eden space 122368K, 0% used [0x00000000e0000000,0x00000000e0000000,0x00000000e7780000)
  from space 15360K, 99% used [0x00000000e7780000,0x00000000e867aed8,0x00000000e8680000)
  to   space 12800K, 0% used [0x00000000e8900000,0x00000000e8900000,0x00000000e9580000)
 ParOldGen       total 106496K, used 38516K [0x00000000a0000000, 0x00000000a6800000, 0x00000000e0000000)
  object space 106496K, 36% used [0x00000000a0000000,0x00000000a259d218,0x00000000a6800000)
 Metaspace       used 66608K, capacity 68790K, committed 68992K, reserved 1107968K
  class space    used 9019K, capacity 9564K, committed 9600K, reserved 1048576K
}

