# JRE version: OpenJDK Runtime Environment (8.0_212-b04) (build 1.8.0_212-release-1586-b04)
# Java VM: OpenJDK 64-Bit Server VM (25.212-b04 mixed mode windows-amd64 compressed oops)
Heap:
 PSYoungGen      total 475136K, used 245570K [0x00000000e0000000, 0x00000000ff980000, 0x0000000100000000)
  eden space 433664K, 52% used [0x00000000e0000000,0x00000000edfd9030,0x00000000fa780000)
  from space 41472K, 39% used [0x00000000fd100000,0x00000000fe0f7818,0x00000000ff980000)
  to   space 41984K, 0% used [0x00000000fa780000,0x00000000fa780000,0x00000000fd080000)
 ParOldGen       total 227840K, used 175100K [0x00000000a0000000, 0x00000000ade80000, 0x00000000e0000000)
  object space 227840K, 76% used [0x00000000a0000000,0x00000000aaaff388,0x00000000ade80000)
 Metaspace       used 126787K, capacity 132424K, committed 133632K, reserved 1165312K
  class space    used 16055K, capacity 17295K, committed 17664K, reserved 1048576K
GC Heap History (10 events):
Event: 1076.909 GC heap before
{Heap before GC invocations=33 (full 5):
 PSYoungGen      total 468992K, used 439685K [0x00000000e0000000, 0x00000000ffe80000, 0x0000000100000000)
  eden space 416768K, 100% used [0x00000000e0000000,0x00000000f9700000,0x00000000f9700000)
  from space 52224K, 43% used [0x00000000f9700000,0x00000000fad61738,0x00000000fca00000)
  to   space 50176K, 0% used [0x00000000fcd80000,0x00000000fcd80000,0x00000000ffe80000)
 ParOldGen       total 227840K, used 130247K [0x00000000a0000000, 0x00000000ade80000, 0x00000000e0000000)
  object space 227840K, 57% used [0x00000000a0000000,0x00000000a7f31e60,0x00000000ade80000)
 Metaspace       used 126536K, capacity 132234K, committed 133632K, reserved 1165312K
  class space    used 16048K, capacity 17288K, committed 17664K, reserved 1048576K
Event: 1076.953 GC heap after
Heap after GC invocations=33 (full 5):
 PSYoungGen      total 469504K, used 8255K [0x00000000e0000000, 0x00000000ffc00000, 0x0000000100000000)
  eden space 421888K, 0% used [0x00000000e0000000,0x00000000e0000000,0x00000000f9c00000)
  from space 47616K, 17% used [0x00000000fcd80000,0x00000000fd58ff88,0x00000000ffc00000)
  to   space 49152K, 0% used [0x00000000f9c00000,0x00000000f9c00000,0x00000000fcc00000)
 ParOldGen       total 227840K, used 149235K [0x00000000a0000000, 0x00000000ade80000, 0x00000000e0000000)
  object space 227840K, 65% used [0x00000000a0000000,0x00000000a91bccb8,0x00000000ade80000)
 Metaspace       used 126536K, capacity 132234K, committed 133632K, reserved 1165312K
  class space    used 16048K, capacity 17288K, committed 17664K, reserved 1048576K
}
Event: 1079.613 GC heap before
{Heap before GC invocations=34 (full 5):
 PSYoungGen      total 469504K, used 430143K [0x00000000e0000000, 0x00000000ffc00000, 0x0000000100000000)
  eden space 421888K, 100% used [0x00000000e0000000,0x00000000f9c00000,0x00000000f9c00000)
  from space 47616K, 17% used [0x00000000fcd80000,0x00000000fd58ff88,0x00000000ffc00000)
  to   space 49152K, 0% used [0x00000000f9c00000,0x00000000f9c00000,0x00000000fcc00000)
 ParOldGen       total 227840K, used 149235K [0x00000000a0000000, 0x00000000ade80000, 0x00000000e0000000)
  object space 227840K, 65% used [0x00000000a0000000,0x00000000a91bccb8,0x00000000ade80000)
 Metaspace       used 126576K, capacity 132246K, committed 133632K, reserved 1165312K
  class space    used 16051K, capacity 17290K, committed 17664K, reserved 1048576K
Event: 1079.666 GC heap after
Heap after GC invocations=34 (full 5):
 PSYoungGen      total 471040K, used 9197K [0x00000000e0000000, 0x00000000ffe80000, 0x0000000100000000)
  eden space 421888K, 0% used [0x00000000e0000000,0x00000000e0000000,0x00000000f9c00000)
  from space 49152K, 18% used [0x00000000f9c00000,0x00000000fa4fb7d0,0x00000000fcc00000)
  to   space 47616K, 0% used [0x00000000fd000000,0x00000000fd000000,0x00000000ffe80000)
 ParOldGen       total 227840K, used 155815K [0x00000000a0000000, 0x00000000ade80000, 0x00000000e0000000)
  object space 227840K, 68% used [0x00000000a0000000,0x00000000a9829c50,0x00000000ade80000)
 Metaspace       used 126576K, capacity 132246K, committed 133632K, reserved 1165312K
  class space    used 16051K, capacity 17290K, committed 17664K, reserved 1048576K
}
Event: 1082.131 GC heap before
{Heap before GC invocations=35 (full 5):
 PSYoungGen      total 471040K, used 431085K [0x00000000e0000000, 0x00000000ffe80000, 0x0000000100000000)
  eden space 421888K, 100% used [0x00000000e0000000,0x00000000f9c00000,0x00000000f9c00000)
  from space 49152K, 18% used [0x00000000f9c00000,0x00000000fa4fb7d0,0x00000000fcc00000)
  to   space 47616K, 0% used [0x00000000fd000000,0x00000000fd000000,0x00000000ffe80000)
 ParOldGen       total 227840K, used 155815K [0x00000000a0000000, 0x00000000ade80000, 0x00000000e0000000)
  object space 227840K, 68% used [0x00000000a0000000,0x00000000a9829c50,0x00000000ade80000)
 Metaspace       used 126599K, capacity 132314K, committed 133632K, reserved 1165312K
  class space    used 16051K, capacity 17290K, committed 17664K, reserved 1048576K
Event: 1082.184 GC heap after
Heap after GC invocations=35 (full 5):
 PSYoungGen      total 473088K, used 8282K [0x00000000e0000000, 0x00000000ffc80000, 0x0000000100000000)
  eden space 427520K, 0% used [0x00000000e0000000,0x00000000e0000000,0x00000000fa180000)
  from space 45568K, 18% used [0x00000000fd000000,0x00000000fd816a80,0x00000000ffc80000)
  to   space 46592K, 0% used [0x00000000fa180000,0x00000000fa180000,0x00000000fcf00000)
 ParOldGen       total 227840K, used 162360K [0x00000000a0000000, 0x00000000ade80000, 0x00000000e0000000)
  object space 227840K, 71% used [0x00000000a0000000,0x00000000a9e8e058,0x00000000ade80000)
 Metaspace       used 126599K, capacity 132314K, committed 133632K, reserved 1165312K
  class space    used 16051K, capacity 17290K, committed 17664K, reserved 1048576K
}
Event: 1085.563 GC heap before
{Heap before GC invocations=36 (full 5):
 PSYoungGen      total 473088K, used 435802K [0x00000000e0000000, 0x00000000ffc80000, 0x0000000100000000)
  eden space 427520K, 100% used [0x00000000e0000000,0x00000000fa180000,0x00000000fa180000)
  from space 45568K, 18% used [0x00000000fd000000,0x00000000fd816a80,0x00000000ffc80000)
  to   space 46592K, 0% used [0x00000000fa180000,0x00000000fa180000,0x00000000fcf00000)
 ParOldGen       total 227840K, used 162360K [0x00000000a0000000, 0x00000000ade80000, 0x00000000e0000000)
  object space 227840K, 71% used [0x00000000a0000000,0x00000000a9e8e058,0x00000000ade80000)
 Metaspace       used 126727K, capacity 132420K, committed 133632K, reserved 1165312K
  class space    used 16054K, capacity 17295K, committed 17664K, reserved 1048576K
Event: 1085.701 GC heap after
Heap after GC invocations=36 (full 5):
 PSYoungGen      total 474112K, used 18846K [0x00000000e0000000, 0x00000000ffc00000, 0x0000000100000000)
  eden space 427520K, 0% used [0x00000000e0000000,0x00000000e0000000,0x00000000fa180000)
  from space 46592K, 40% used [0x00000000fa180000,0x00000000fb3e7848,0x00000000fcf00000)
  to   space 44032K, 0% used [0x00000000fd100000,0x00000000fd100000,0x00000000ffc00000)
 ParOldGen       total 227840K, used 168243K [0x00000000a0000000, 0x00000000ade80000, 0x00000000e0000000)
  object space 227840K, 73% used [0x00000000a0000000,0x00000000aa44cdb8,0x00000000ade80000)
 Metaspace       used 126727K, capacity 132420K, committed 133632K, reserved 1165312K
  class space    used 16054K, capacity 17295K, committed 17664K, reserved 1048576K
}
Event: 1089.181 GC heap before
{Heap before GC invocations=37 (full 5):
 PSYoungGen      total 474112K, used 446366K [0x00000000e0000000, 0x00000000ffc00000, 0x0000000100000000)
  eden space 427520K, 100% used [0x00000000e0000000,0x00000000fa180000,0x00000000fa180000)
  from space 46592K, 40% used [0x00000000fa180000,0x00000000fb3e7848,0x00000000fcf00000)
  to   space 44032K, 0% used [0x00000000fd100000,0x00000000fd100000,0x00000000ffc00000)
 ParOldGen       total 227840K, used 168243K [0x00000000a0000000, 0x00000000ade80000, 0x00000000e0000000)
  object space 227840K, 73% used [0x00000000a0000000,0x00000000aa44cdb8,0x00000000ade80000)
 Metaspace       used 126778K, capacity 132424K, committed 133632K, reserved 1165312K
  class space    used 16055K, capacity 17295K, committed 17664K, reserved 1048576K
Event: 1089.284 GC heap after
Heap after GC invocations=37 (full 5):
 PSYoungGen      total 475136K, used 16350K [0x00000000e0000000, 0x00000000ff980000, 0x0000000100000000)
  eden space 433664K, 0% used [0x00000000e0000000,0x00000000e0000000,0x00000000fa780000)
  from space 41472K, 39% used [0x00000000fd100000,0x00000000fe0f7818,0x00000000ff980000)
  to   space 41984K, 0% used [0x00000000fa780000,0x00000000fa780000,0x00000000fd080000)
 ParOldGen       total 227840K, used 175100K [0x00000000a0000000, 0x00000000ade80000, 0x00000000e0000000)
  object space 227840K, 76% used [0x00000000a0000000,0x00000000aaaff388,0x00000000ade80000)
 Metaspace       used 126778K, capacity 132424K, committed 133632K, reserved 1165312K
  class space    used 16055K, capacity 17295K, committed 17664K, reserved 1048576K
}

